[2025-08-18 23:35:26] [INFO] Starting MA RSI Strategy test...
[2025-08-18 23:35:26] [INFO] Strategy MA_RSI_Strategy created
[2025-08-18 23:35:26] [INFO] MA_RSI_Strategy created with MA period: 20, RSI threshold: 30.000000
[2025-08-18 23:35:26] [INFO] MA_RSI_Strategy initialized
[2025-08-18 23:35:26] [INFO] MA_RSI_Strategy reset
[2025-08-18 23:35:26] [INFO] Strategy MA_RSI_Strategy updated market data for AAPL
[2025-08-18 23:35:26] [INFO] Strategy MA_RSI_Strategy updated market data for AAPL
[2025-08-18 23:35:26] [INFO] Strategy MA_RSI_Strategy updated market data for AAPL
[2025-08-18 23:35:26] [INFO] Strategy MA_RSI_Strategy updated market data for AAPL
[2025-08-18 23:35:26] [INFO] Strategy MA_RSI_Strategy updated market data for AAPL
[2025-08-18 23:35:26] [INFO] Strategy MA_RSI_Strategy updated market data for AAPL
[2025-08-18 23:35:26] [INFO] Strategy MA_RSI_Strategy updated market data for AAPL
[2025-08-18 23:35:26] [INFO] Strategy MA_RSI_Strategy updated market data for AAPL
[2025-08-18 23:35:26] [INFO] Strategy MA_RSI_Strategy updated market data for AAPL
[2025-08-18 23:35:26] [INFO] Strategy MA_RSI_Strategy updated market data for AAPL
[2025-08-18 23:35:26] [INFO] Strategy MA_RSI_Strategy updated market data for AAPL
[2025-08-18 23:35:26] [INFO] Strategy MA_RSI_Strategy updated market data for AAPL
[2025-08-18 23:35:26] [INFO] Strategy MA_RSI_Strategy updated market data for AAPL
[2025-08-18 23:35:26] [INFO] Strategy MA_RSI_Strategy updated market data for AAPL
[2025-08-18 23:35:26] [INFO] Strategy MA_RSI_Strategy updated market data for AAPL
[2025-08-18 23:35:26] [INFO] Strategy MA_RSI_Strategy updated market data for AAPL
[2025-08-18 23:35:26] [INFO] Strategy MA_RSI_Strategy updated market data for AAPL
[2025-08-18 23:35:26] [INFO] Strategy MA_RSI_Strategy updated market data for AAPL
[2025-08-18 23:35:26] [INFO] Strategy MA_RSI_Strategy updated market data for AAPL
[2025-08-18 23:35:26] [INFO] Strategy MA_RSI_Strategy updated market data for AAPL
[2025-08-18 23:35:26] [INFO] Strategy MA_RSI_Strategy updated market data for AAPL
[2025-08-18 23:35:26] [INFO] Strategy MA_RSI_Strategy updated market data for AAPL
[2025-08-18 23:35:26] [INFO] Strategy MA_RSI_Strategy updated market data for AAPL
[2025-08-18 23:35:26] [INFO] Strategy MA_RSI_Strategy updated market data for AAPL
[2025-08-18 23:35:26] [INFO] Strategy MA_RSI_Strategy updated market data for AAPL
[2025-08-18 23:35:26] [INFO] MA RSI Strategy test completed
[2025-08-19 21:30:59] [INFO] Starting MA RSI Strategy test...
[2025-08-19 21:30:59] [INFO] Strategy MA_RSI_Strategy created
[2025-08-19 21:30:59] [INFO] MA_RSI_Strategy created with MA period: 20, RSI threshold: 30.000000
[2025-08-19 21:30:59] [INFO] MA_RSI_Strategy initialized
[2025-08-19 21:30:59] [INFO] MA_RSI_Strategy reset
[2025-08-19 21:30:59] [INFO] Strategy MA_RSI_Strategy updated market data for AAPL
[2025-08-19 21:30:59] [INFO] Strategy MA_RSI_Strategy updated market data for AAPL
[2025-08-19 21:30:59] [INFO] Strategy MA_RSI_Strategy updated market data for AAPL
[2025-08-19 21:30:59] [INFO] Strategy MA_RSI_Strategy updated market data for AAPL
[2025-08-19 21:30:59] [INFO] Strategy MA_RSI_Strategy updated market data for AAPL
[2025-08-19 21:30:59] [INFO] Strategy MA_RSI_Strategy updated market data for AAPL
[2025-08-19 21:30:59] [INFO] Strategy MA_RSI_Strategy updated market data for AAPL
[2025-08-19 21:30:59] [INFO] Strategy MA_RSI_Strategy updated market data for AAPL
[2025-08-19 21:30:59] [INFO] Strategy MA_RSI_Strategy updated market data for AAPL
[2025-08-19 21:30:59] [INFO] Strategy MA_RSI_Strategy updated market data for AAPL
[2025-08-19 21:30:59] [INFO] Strategy MA_RSI_Strategy updated market data for AAPL
[2025-08-19 21:30:59] [INFO] Strategy MA_RSI_Strategy updated market data for AAPL
[2025-08-19 21:30:59] [INFO] Strategy MA_RSI_Strategy updated market data for AAPL
[2025-08-19 21:30:59] [INFO] Strategy MA_RSI_Strategy updated market data for AAPL
[2025-08-19 21:30:59] [INFO] Strategy MA_RSI_Strategy updated market data for AAPL
[2025-08-19 21:30:59] [INFO] Strategy MA_RSI_Strategy updated market data for AAPL
[2025-08-19 21:30:59] [INFO] Strategy MA_RSI_Strategy updated market data for AAPL
[2025-08-19 21:30:59] [INFO] Strategy MA_RSI_Strategy updated market data for AAPL
[2025-08-19 21:30:59] [INFO] Strategy MA_RSI_Strategy updated market data for AAPL
[2025-08-19 21:30:59] [INFO] Strategy MA_RSI_Strategy updated market data for AAPL
[2025-08-19 21:30:59] [INFO] Strategy MA_RSI_Strategy updated market data for AAPL
[2025-08-19 21:30:59] [INFO] Strategy MA_RSI_Strategy updated market data for AAPL
[2025-08-19 21:30:59] [INFO] Strategy MA_RSI_Strategy updated market data for AAPL
[2025-08-19 21:30:59] [INFO] Strategy MA_RSI_Strategy updated market data for AAPL
[2025-08-19 21:30:59] [INFO] Strategy MA_RSI_Strategy updated market data for AAPL
[2025-08-19 21:30:59] [INFO] MA RSI Strategy test completed
[2025-08-19 21:35:50] [INFO] Starting MA RSI Strategy test...
[2025-08-19 21:35:50] [INFO] Strategy MA_RSI_Strategy created
[2025-08-19 21:35:50] [INFO] MA_RSI_Strategy created with MA period: 20, RSI threshold: 30.000000
[2025-08-19 21:35:50] [INFO] MA_RSI_Strategy initialized
[2025-08-19 21:35:50] [INFO] MA_RSI_Strategy reset
[2025-08-19 21:35:50] [INFO] Strategy MA_RSI_Strategy updated market data for AAPL
[2025-08-19 21:35:50] [INFO] Strategy MA_RSI_Strategy updated market data for AAPL
[2025-08-19 21:35:50] [INFO] Strategy MA_RSI_Strategy updated market data for AAPL
[2025-08-19 21:35:50] [INFO] Strategy MA_RSI_Strategy updated market data for AAPL
[2025-08-19 21:35:50] [INFO] Strategy MA_RSI_Strategy updated market data for AAPL
[2025-08-19 21:35:50] [INFO] Strategy MA_RSI_Strategy updated market data for AAPL
[2025-08-19 21:35:50] [INFO] Strategy MA_RSI_Strategy updated market data for AAPL
[2025-08-19 21:35:50] [INFO] Strategy MA_RSI_Strategy updated market data for AAPL
[2025-08-19 21:35:50] [INFO] Strategy MA_RSI_Strategy updated market data for AAPL
[2025-08-19 21:35:50] [INFO] Strategy MA_RSI_Strategy updated market data for AAPL
[2025-08-19 21:35:50] [INFO] Strategy MA_RSI_Strategy updated market data for AAPL
[2025-08-19 21:35:50] [INFO] Strategy MA_RSI_Strategy updated market data for AAPL
[2025-08-19 21:35:50] [INFO] Strategy MA_RSI_Strategy updated market data for AAPL
[2025-08-19 21:35:50] [INFO] Strategy MA_RSI_Strategy updated market data for AAPL
[2025-08-19 21:35:50] [INFO] Strategy MA_RSI_Strategy updated market data for AAPL
[2025-08-19 21:35:50] [INFO] Strategy MA_RSI_Strategy updated market data for AAPL
[2025-08-19 21:35:50] [INFO] Strategy MA_RSI_Strategy updated market data for AAPL
[2025-08-19 21:35:50] [INFO] Strategy MA_RSI_Strategy updated market data for AAPL
[2025-08-19 21:35:50] [INFO] Strategy MA_RSI_Strategy updated market data for AAPL
[2025-08-19 21:35:50] [INFO] Strategy MA_RSI_Strategy updated market data for AAPL
[2025-08-19 21:35:50] [INFO] Strategy MA_RSI_Strategy updated market data for AAPL
[2025-08-19 21:35:50] [INFO] Strategy MA_RSI_Strategy updated market data for AAPL
[2025-08-19 21:35:50] [INFO] Strategy MA_RSI_Strategy updated market data for AAPL
[2025-08-19 21:35:50] [INFO] Strategy MA_RSI_Strategy updated market data for AAPL
[2025-08-19 21:35:50] [INFO] Strategy MA_RSI_Strategy updated market data for AAPL
[2025-08-19 21:35:50] [INFO] Strategy MA_RSI_Strategy updated market data for AAPL
[2025-08-19 21:35:50] [INFO] Strategy MA_RSI_Strategy updated market data for AAPL
[2025-08-19 21:35:50] [INFO] Strategy MA_RSI_Strategy updated market data for AAPL
[2025-08-19 21:35:50] [INFO] Strategy MA_RSI_Strategy updated market data for AAPL
[2025-08-19 21:35:50] [INFO] Strategy MA_RSI_Strategy updated market data for AAPL
[2025-08-19 21:35:50] [INFO] Strategy MA_RSI_Strategy updated market data for AAPL
[2025-08-19 21:35:50] [INFO] Strategy MA_RSI_Strategy updated market data for AAPL
[2025-08-19 21:35:50] [INFO] Strategy MA_RSI_Strategy updated market data for AAPL
[2025-08-19 21:35:50] [INFO] Strategy MA_RSI_Strategy updated market data for AAPL
[2025-08-19 21:35:50] [INFO] MA_RSI_Strategy: AAPL Close: 117.300000 MA: 111.690000 RSI: 89.130435
[2025-08-19 21:35:50] [INFO] Strategy MA_RSI_Strategy updated market data for AAPL
[2025-08-19 21:35:50] [INFO] MA_RSI_Strategy: AAPL Close: 116.900000 MA: 112.230000 RSI: 85.416667
[2025-08-19 21:35:50] [INFO] Strategy MA_RSI_Strategy updated market data for AAPL
[2025-08-19 21:35:50] [INFO] MA_RSI_Strategy: AAPL Close: 117.700000 MA: 112.735000 RSI: 88.235294
[2025-08-19 21:35:50] [INFO] Strategy MA_RSI_Strategy updated market data for AAPL
[2025-08-19 21:35:50] [INFO] MA_RSI_Strategy: AAPL Close: 117.700000 MA: 113.195000 RSI: 87.878788
[2025-08-19 21:35:50] [INFO] Strategy MA_RSI_Strategy updated market data for AAPL
[2025-08-19 21:35:50] [INFO] MA_RSI_Strategy: AAPL Close: 119.400000 MA: 113.780000 RSI: 88.000000
[2025-08-19 21:35:50] [INFO] Strategy MA_RSI_Strategy updated market data for AAPL
[2025-08-19 21:35:50] [INFO] MA_RSI_Strategy: AAPL Close: 119.500000 MA: 114.320000 RSI: 87.628866
[2025-08-19 21:35:50] [INFO] Strategy MA_RSI_Strategy updated market data for AAPL
[2025-08-19 21:35:50] [INFO] MA_RSI_Strategy: AAPL Close: 119.900000 MA: 114.810000 RSI: 92.708333
[2025-08-19 21:35:50] [INFO] Strategy MA_RSI_Strategy updated market data for AAPL
[2025-08-19 21:35:50] [INFO] MA_RSI_Strategy: AAPL Close: 119.300000 MA: 115.270000 RSI: 86.734694
[2025-08-19 21:35:50] [INFO] Strategy MA_RSI_Strategy updated market data for AAPL
[2025-08-19 21:35:50] [INFO] MA_RSI_Strategy: AAPL Close: 120.600000 MA: 115.805000 RSI: 85.714286
[2025-08-19 21:35:50] [INFO] Strategy MA_RSI_Strategy updated market data for AAPL
[2025-08-19 21:35:50] [INFO] MA_RSI_Strategy: AAPL Close: 120.200000 MA: 116.305000 RSI: 80.681818
[2025-08-19 21:35:50] [INFO] Strategy MA_RSI_Strategy updated market data for AAPL
[2025-08-19 21:35:50] [INFO] MA_RSI_Strategy: AAPL Close: 121.800000 MA: 116.805000 RSI: 83.333333
[2025-08-19 21:35:50] [INFO] Strategy MA_RSI_Strategy updated market data for AAPL
[2025-08-19 21:35:50] [INFO] MA_RSI_Strategy: AAPL Close: 122.300000 MA: 117.310000 RSI: 86.538462
[2025-08-19 21:35:50] [INFO] Strategy MA_RSI_Strategy updated market data for AAPL
[2025-08-19 21:35:50] [INFO] MA_RSI_Strategy: AAPL Close: 121.900000 MA: 117.820000 RSI: 82.692308
[2025-08-19 21:35:50] [INFO] Strategy MA_RSI_Strategy updated market data for AAPL
[2025-08-19 21:35:50] [INFO] MA_RSI_Strategy: AAPL Close: 122.100000 MA: 118.320000 RSI: 81.250000
[2025-08-19 21:35:50] [INFO] Strategy MA_RSI_Strategy updated market data for AAPL
[2025-08-19 21:35:50] [INFO] MA_RSI_Strategy: AAPL Close: 123.600000 MA: 118.795000 RSI: 81.818182
[2025-08-19 21:35:50] [INFO] Strategy MA_RSI_Strategy updated market data for AAPL
[2025-08-19 21:35:50] [INFO] MA_RSI_Strategy: AAPL Close: 124.300000 MA: 119.270000 RSI: 86.274510
[2025-08-19 21:35:50] [INFO] Strategy MA_RSI_Strategy updated market data for AAPL
[2025-08-19 21:35:50] [INFO] MA_RSI_Strategy: AAPL Close: 124.300000 MA: 119.735000 RSI: 85.106383
[2025-08-19 21:35:50] [INFO] MA RSI Strategy test completed
