[2025-08-18 00:02:44] [INFO] Starting market data feed test...
[2025-08-18 00:02:44] [INFO] Subscribed to topic: market_data
[2025-08-18 00:02:44] [INFO] MockDataAdapter subscribed to: AAPL
[2025-08-18 00:02:44] [INFO] MarketDataFeed subscribed to: AAPL
[2025-08-18 00:02:44] [INFO] MockDataAdapter started
[2025-08-18 00:02:44] [INFO] MarketDataFeed started
[2025-08-18 00:02:44] [INFO] MarketDataFeed received: AAPL @ 150.904997 Volume: 413479
[2025-08-18 00:02:44] [INFO] Subscribed to AAPL, waiting for 10 data points...
[2025-08-18 00:02:44] [INFO] Publishing to topic: market_data with data: {"symbol":"AAPL","timestamp":"2024-01-01 09:30:00","open":150.452498,"high":151.357495,"low":150.452498,"close":150.904997,"volume":413479}
[2025-08-18 00:02:44] [INFO] Subscriber received: {"symbol":"AAPL","timestamp":"2024-01-01 09:30:00","open":150.452498,"high":151.357495,"low":150.452498,"close":150.904997,"volume":413479}
[2025-08-18 00:02:44] [INFO] Published to message bus: AAPL
[2025-08-18 00:02:44] [INFO] MarketDataFeed received: AAPL @ 148.929503 Volume: 634912
[2025-08-18 00:02:44] [INFO] Publishing to topic: market_data with data: {"symbol":"AAPL","timestamp":"2024-01-01 09:30:00","open":149.917250,"high":149.917250,"low":147.941756,"close":148.929503,"volume":634912}
[2025-08-18 00:02:44] [INFO] Subscriber received: {"symbol":"AAPL","timestamp":"2024-01-01 09:30:00","open":149.917250,"high":149.917250,"low":147.941756,"close":148.929503,"volume":634912}
[2025-08-18 00:02:44] [INFO] Published to message bus: AAPL
[2025-08-18 00:02:45] [INFO] MarketDataFeed received: AAPL @ 148.990936 Volume: 963174
[2025-08-18 00:02:45] [INFO] Publishing to topic: market_data with data: {"symbol":"AAPL","timestamp":"2024-01-01 09:30:00","open":148.960220,"high":149.021653,"low":148.960220,"close":148.990936,"volume":963174}
[2025-08-18 00:02:45] [INFO] Subscriber received: {"symbol":"AAPL","timestamp":"2024-01-01 09:30:00","open":148.960220,"high":149.021653,"low":148.960220,"close":148.990936,"volume":963174}
[2025-08-18 00:02:45] [INFO] Published to message bus: AAPL
[2025-08-18 00:02:45] [INFO] MarketDataFeed received: AAPL @ 147.669239 Volume: 695427
[2025-08-18 00:02:45] [INFO] Publishing to topic: market_data with data: {"symbol":"AAPL","timestamp":"2024-01-01 09:30:00","open":148.330088,"high":148.330088,"low":147.008390,"close":147.669239,"volume":695427}
[2025-08-18 00:02:45] [INFO] Subscriber received: {"symbol":"AAPL","timestamp":"2024-01-01 09:30:00","open":148.330088,"high":148.330088,"low":147.008390,"close":147.669239,"volume":695427}
[2025-08-18 00:02:45] [INFO] Published to message bus: AAPL
[2025-08-18 00:02:46] [INFO] MarketDataFeed received: AAPL @ 147.783849 Volume: 731226
[2025-08-18 00:02:46] [INFO] Publishing to topic: market_data with data: {"symbol":"AAPL","timestamp":"2024-01-01 09:30:00","open":147.726544,"high":147.841154,"low":147.726544,"close":147.783849,"volume":731226}
[2025-08-18 00:02:46] [INFO] Subscriber received: {"symbol":"AAPL","timestamp":"2024-01-01 09:30:00","open":147.726544,"high":147.841154,"low":147.726544,"close":147.783849,"volume":731226}
[2025-08-18 00:02:46] [INFO] Published to message bus: AAPL
[2025-08-18 00:02:46] [INFO] MarketDataFeed received: AAPL @ 146.805060 Volume: 166693
[2025-08-18 00:02:46] [INFO] Publishing to topic: market_data with data: {"symbol":"AAPL","timestamp":"2024-01-01 09:30:00","open":147.294454,"high":147.294454,"low":146.315666,"close":146.805060,"volume":166693}
[2025-08-18 00:02:46] [INFO] Subscriber received: {"symbol":"AAPL","timestamp":"2024-01-01 09:30:00","open":147.294454,"high":147.294454,"low":146.315666,"close":146.805060,"volume":166693}
[2025-08-18 00:02:46] [INFO] Published to message bus: AAPL
[2025-08-18 00:02:47] [INFO] MarketDataFeed received: AAPL @ 146.124460 Volume: 404254
[2025-08-18 00:02:47] [INFO] Publishing to topic: market_data with data: {"symbol":"AAPL","timestamp":"2024-01-01 09:30:00","open":146.464760,"high":146.464760,"low":145.784160,"close":146.124460,"volume":404254}
[2025-08-18 00:02:47] [INFO] Subscriber received: {"symbol":"AAPL","timestamp":"2024-01-01 09:30:00","open":146.464760,"high":146.464760,"low":145.784160,"close":146.124460,"volume":404254}
[2025-08-18 00:02:47] [INFO] Published to message bus: AAPL
[2025-08-18 00:02:47] [INFO] MarketDataFeed received: AAPL @ 145.077399 Volume: 127876
[2025-08-18 00:02:47] [INFO] Publishing to topic: market_data with data: {"symbol":"AAPL","timestamp":"2024-01-01 09:30:00","open":145.600930,"high":145.600930,"low":144.553869,"close":145.077399,"volume":127876}
[2025-08-18 00:02:47] [INFO] Subscriber received: {"symbol":"AAPL","timestamp":"2024-01-01 09:30:00","open":145.600930,"high":145.600930,"low":144.553869,"close":145.077399,"volume":127876}
[2025-08-18 00:02:47] [INFO] Published to message bus: AAPL
[2025-08-18 00:02:48] [INFO] MarketDataFeed received: AAPL @ 146.791773 Volume: 969485
[2025-08-18 00:02:48] [INFO] Publishing to topic: market_data with data: {"symbol":"AAPL","timestamp":"2024-01-01 09:30:00","open":145.934586,"high":147.648960,"low":145.934586,"close":146.791773,"volume":969485}
[2025-08-18 00:02:48] [INFO] Subscriber received: {"symbol":"AAPL","timestamp":"2024-01-01 09:30:00","open":145.934586,"high":147.648960,"low":145.934586,"close":146.791773,"volume":969485}
[2025-08-18 00:02:48] [INFO] Published to message bus: AAPL
[2025-08-18 00:02:48] [INFO] MarketDataFeed received: AAPL @ 147.406425 Volume: 801462
[2025-08-18 00:02:48] [INFO] Publishing to topic: market_data with data: {"symbol":"AAPL","timestamp":"2024-01-01 09:30:00","open":147.099099,"high":147.713751,"low":147.099099,"close":147.406425,"volume":801462}
[2025-08-18 00:02:48] [INFO] Subscriber received: {"symbol":"AAPL","timestamp":"2024-01-01 09:30:00","open":147.099099,"high":147.713751,"low":147.099099,"close":147.406425,"volume":801462}
[2025-08-18 00:02:48] [INFO] Published to message bus: AAPL
[2025-08-18 00:02:49] [INFO] MarketDataFeed received: AAPL @ 146.750604 Volume: 159459
[2025-08-18 00:02:49] [INFO] Publishing to topic: market_data with data: {"symbol":"AAPL","timestamp":"2024-01-01 09:30:00","open":147.078515,"high":147.078515,"low":146.422694,"close":146.750604,"volume":159459}
[2025-08-18 00:02:49] [INFO] Subscriber received: {"symbol":"AAPL","timestamp":"2024-01-01 09:30:00","open":147.078515,"high":147.078515,"low":146.422694,"close":146.750604,"volume":159459}
[2025-08-18 00:02:49] [INFO] Published to message bus: AAPL
[2025-08-18 00:02:49] [INFO] MarketDataFeed received: AAPL @ 144.806132 Volume: 473352
[2025-08-18 00:02:49] [INFO] Publishing to topic: market_data with data: {"symbol":"AAPL","timestamp":"2024-01-01 09:30:00","open":145.778368,"high":145.778368,"low":143.833896,"close":144.806132,"volume":473352}
[2025-08-18 00:02:49] [INFO] Subscriber received: {"symbol":"AAPL","timestamp":"2024-01-01 09:30:00","open":145.778368,"high":145.778368,"low":143.833896,"close":144.806132,"volume":473352}
[2025-08-18 00:02:49] [INFO] Published to message bus: AAPL
[2025-08-18 00:02:50] [INFO] MockDataAdapter stopped
[2025-08-18 00:02:50] [INFO] MarketDataFeed stopped
[2025-08-18 00:02:50] [INFO] MockDataAdapter unsubscribed from: AAPL
[2025-08-18 00:02:50] [INFO] MarketDataFeed unsubscribed from: AAPL
[2025-08-18 00:02:50] [INFO] Market data feed test completed
