[2025-08-19 22:33:11] [INFO] RiskManager initialized
[2025-08-19 22:33:11] [INFO] OrderManager initialized
[2025-08-19 22:33:11] [INFO] Order created from signal: {
  "id": "ORD3369",
  "symbol": "AAPL",
  "side": "BUY",
  "type": "MARKET",
  "quantity": 100,
  "price": 150.00
}
[2025-08-19 22:33:11] [INFO] Order created from signal: {
  "id": "ORD1037",
  "symbol": "STè‚?",
  "side": "BUY",
  "type": "MARKET",
  "quantity": 1000,
  "price": 10.00
}
[2025-08-19 22:33:11] [INFO] Order created from signal: {
  "id": "ORD1706",
  "symbol": "AAPL",
  "side": "BUY",
  "type": "MARKET",
  "quantity": 10000,
  "price": 150.00
}
[2025-08-19 22:33:11] [INFO] Portfolio value updated: 95000.000000, max drawdown: 5.000000%
[2025-08-19 22:33:36] [INFO] RiskManager initialized
[2025-08-19 22:33:36] [INFO] OrderManager initialized
[2025-08-19 22:33:36] [INFO] Order created from signal: {
  "id": "ORD2284",
  "symbol": "AAPL",
  "side": "BUY",
  "type": "MARKET",
  "quantity": 100,
  "price": 150.00
}
[2025-08-19 22:33:36] [INFO] Order created from signal: {
  "id": "ORD3178",
  "symbol": "STè‚?",
  "side": "BUY",
  "type": "MARKET",
  "quantity": 1000,
  "price": 10.00
}
[2025-08-19 22:33:36] [INFO] Order created from signal: {
  "id": "ORD5541",
  "symbol": "AAPL",
  "side": "BUY",
  "type": "MARKET",
  "quantity": 10000,
  "price": 150.00
}
[2025-08-19 22:33:36] [INFO] Portfolio value updated: 95000.000000, max drawdown: 5.000000%
[2025-08-19 22:37:46] [INFO] RiskManager initialized
[2025-08-19 22:37:46] [INFO] OrderManager initialized
[2025-08-19 22:37:46] [INFO] Order created from signal: {
  "id": "ORD6798",
  "symbol": "AAPL",
  "side": "BUY",
  "type": "MARKET",
  "quantity": 100,
  "price": 150.00
}
[2025-08-19 22:37:46] [INFO] Order created from signal: {
  "id": "ORD7959",
  "symbol": "STè‚?",
  "side": "BUY",
  "type": "MARKET",
  "quantity": 1000,
  "price": 10.00
}
[2025-08-19 22:37:46] [INFO] Order created from signal: {
  "id": "ORD6203",
  "symbol": "AAPL",
  "side": "BUY",
  "type": "MARKET",
  "quantity": 10000,
  "price": 150.00
}
[2025-08-19 22:37:46] [INFO] Portfolio value updated: 95000.000000, max drawdown: 5.000000%
[2025-08-19 22:38:10] [INFO] RiskManager initialized
[2025-08-19 22:38:10] [INFO] OrderManager initialized
[2025-08-19 22:38:10] [INFO] Order created from signal: {
  "id": "ORD4363",
  "symbol": "AAPL",
  "side": "BUY",
  "type": "MARKET",
  "quantity": 100,
  "price": 150.00
}
[2025-08-19 22:38:10] [INFO] Order created from signal: {
  "id": "ORD7500",
  "symbol": "STè‚?",
  "side": "BUY",
  "type": "MARKET",
  "quantity": 1000,
  "price": 10.00
}
[2025-08-19 22:38:10] [INFO] Order created from signal: {
  "id": "ORD3926",
  "symbol": "AAPL",
  "side": "BUY",
  "type": "MARKET",
  "quantity": 10000,
  "price": 150.00
}
[2025-08-19 22:38:10] [INFO] Portfolio value updated: 95000.000000, max drawdown: 5.000000%
[2025-08-19 22:41:50] [INFO] RiskManager initialized
[2025-08-19 22:41:50] [INFO] OrderManager initialized
[2025-08-19 22:41:50] [INFO] Order created from signal: {
  "id": "ORD5563",
  "symbol": "AAPL",
  "side": "BUY",
  "type": "MARKET",
  "quantity": 100,
  "price": 150.00
}
[2025-08-19 22:41:50] [INFO] Order created from signal: {
  "id": "ORD3164",
  "symbol": "STè‚?",
  "side": "BUY",
  "type": "MARKET",
  "quantity": 1000,
  "price": 10.00
}
[2025-08-19 22:41:50] [INFO] Order created from signal: {
  "id": "ORD7797",
  "symbol": "AAPL",
  "side": "BUY",
  "type": "MARKET",
  "quantity": 10000,
  "price": 150.00
}
[2025-08-19 22:41:50] [INFO] Portfolio value updated: 95000.000000, max drawdown: 5.000000%
[2025-08-19 22:48:53] [INFO] RiskManager initialized
[2025-08-19 22:48:53] [INFO] OrderManager initialized
[2025-08-19 22:48:53] [INFO] Order created from signal: {
  "id": "ORD1398",
  "symbol": "AAPL",
  "side": "BUY",
  "type": "MARKET",
  "quantity": 100,
  "price": 150.00
}
[2025-08-19 22:48:53] [INFO] Order created from signal: {
  "id": "ORD1754",
  "symbol": "ST_STOCK_1",
  "side": "BUY",
  "type": "MARKET",
  "quantity": 1000,
  "price": 10.00
}
[2025-08-19 22:48:53] [INFO] Order created from signal: {
  "id": "ORD7925",
  "symbol": "AAPL",
  "side": "BUY",
  "type": "MARKET",
  "quantity": 10000,
  "price": 150.00
}
[2025-08-19 22:48:53] [INFO] Portfolio value updated: 95000.000000, max drawdown: 5.000000%
